<?xml version="1.0" encoding="UTF-8"?>
<!-- Generated by org.testng.reporters.JUnitXMLReporter -->
<testsuite ignored="0" hostname="Gulshan" failures="0" tests="4" name="Default test" time="84.481" errors="0" timestamp="2025-11-27T17:08:17 IST">
  <testcase classname="imageconverter.Testingofimageconverter" name="testImageConverterSvgToBase64" time="19.46"/>
  <testcase classname="imageconverter.Testingofimageconverter" name="testImageConverterSvgToJpeg" time="16.597"/>
  <testcase classname="imageconverter.Testingofimageconverter" name="testImageConverterSvgToPng" time="17.435"/>
  <testcase classname="imageconverter.Testingofimageconverter" name="testImageConverterSvgToWebp" time="17.049"/>
</testsuite> <!-- Default test -->
