<?xml version="1.0" encoding="UTF-8"?>
<!-- Generated by org.testng.reporters.JUnitXMLReporter -->
<testsuite ignored="0" hostname="Gulshan" failures="0" tests="4" name="Default test" time="48.607" errors="0" timestamp="2025-09-09T12:51:59 IST">
  <testcase classname="imageconverter.testingofimageconverter" name="testImageConverterSvgToBase64" time="8.64"/>
  <testcase classname="imageconverter.testingofimageconverter" name="testImageConverterSvgToJpeg" time="8.49"/>
  <testcase classname="imageconverter.testingofimageconverter" name="testImageConverterSvgToPng" time="9.64"/>
  <testcase classname="imageconverter.testingofimageconverter" name="testImageConverterSvgToWebp" time="7.676"/>
</testsuite> <!-- Default test -->
