<?xml version="1.0" encoding="UTF-8"?>
<!-- Generated by org.testng.reporters.JUnitXMLReporter -->
<testsuite ignored="0" hostname="yeshs-Mac-mini.local" failures="0" tests="4" name="imageconverter" time="28.602" errors="0" timestamp="2024-06-24T10:24:21 IST">
  <testcase classname="imageconverter.testingofimageconverter" name="imageConverterSvgToBase64" time="10.31"/>
  <testcase classname="imageconverter.testingofimageconverter" name="imageConverterSvgToJpeg" time="6.685"/>
  <testcase classname="imageconverter.testingofimageconverter" name="imageConverterSvgToPng" time="5.274"/>
  <testcase classname="imageconverter.testingofimageconverter" name="imageConverterSvgToWebp" time="6.313"/>
</testsuite> <!-- imageconverter -->
