<?xml version="1.0" encoding="UTF-8"?>
<!-- Generated by org.testng.reporters.JUnitXMLReporter -->
<testsuite ignored="0" hostname="yeshs-Mac-mini.local" failures="0" tests="4" name="imageconverter" time="16.791" errors="0" timestamp="2024-07-03T12:16:18 IST">
  <testcase classname="imageconverter.testingofimageconverter" name="imageConverterSvgToBase64" time="4.337"/>
  <testcase classname="imageconverter.testingofimageconverter" name="imageConverterSvgToJpeg" time="4.242"/>
  <testcase classname="imageconverter.testingofimageconverter" name="imageConverterSvgToPng" time="3.145"/>
  <testcase classname="imageconverter.testingofimageconverter" name="imageConverterSvgToWebp" time="5.055"/>
</testsuite> <!-- imageconverter -->
