<?xml version="1.0" encoding="UTF-8"?>
<!-- Generated by org.testng.reporters.JUnitXMLReporter -->
<testsuite ignored="0" hostname="yeshs-Mac-mini.local" failures="0" tests="3" name="testingofimagecompressor" time="22.413" errors="0" timestamp="2024-07-02T11:43:39 IST">
  <testcase classname="testingofimagecompressor.Imagecompressortesting" name="jpgimageConverter" time="8.502"/>
  <testcase classname="testingofimagecompressor.Imagecompressortesting" name="pngimageCompressor" time="6.567"/>
  <testcase classname="testingofimagecompressor.Imagecompressortesting" name="svgimageCompressor" time="7.332"/>
</testsuite> <!-- testingofimagecompressor -->
