<?xml version="1.0" encoding="UTF-8"?>
<!-- Generated by org.testng.reporters.JUnitXMLReporter -->
<testsuite ignored="0" hostname="yeshs-Mac-mini.local" failures="0" tests="3" name="testingofimagecompressor" time="30.34" errors="0" timestamp="2024-06-24T10:24:23 IST">
  <testcase classname="testingofimagecompressor.Imagecompressortesting" name="jpgimageConverter" time="11.301"/>
  <testcase classname="testingofimagecompressor.Imagecompressortesting" name="pngimageCompressor" time="10.454"/>
  <testcase classname="testingofimagecompressor.Imagecompressortesting" name="svgimageCompressor" time="8.568"/>
</testsuite> <!-- testingofimagecompressor -->
