<?xml version="1.0" encoding="UTF-8"?>
<!-- Generated by org.testng.reporters.JUnitXMLReporter -->
<testsuite ignored="0" hostname="yeshs-Mac-mini.local" failures="1" tests="1" name="testingoffigmaplugin" time="24.663" errors="0" timestamp="2024-06-24T10:24:17 IST">
  <testcase classname="testingoffigmaplugin.Figmaplugintesting" name="testingOfFigmaPlugin" time="24.646">
    <failure type="org.openqa.selenium.NoSuchElementException" message="no such element: Unable to locate element: {&amp;quot;method&amp;quot;:&amp;quot;css selector&amp;quot;,&amp;quot;selector&amp;quot;:&amp;quot;img[class=&amp;apos;cx_hFull--460YR cx_wFull--sGUhp generic_tile_thumbnail--thumbnailContain--T8Gdv cx_p10--FxKqI&amp;apos;]&amp;quot;}
  (Session info: chrome=126.0.6478.115)
For documentation on this error, please visit: https://www.selenium.dev/documentation/webdriver/troubleshooting/errors#no-such-element-exception
Build info: version: &amp;apos;4.21.0&amp;apos;, revision: &amp;apos;79ed462ef4&amp;apos;
System info: os.name: &amp;apos;Mac OS X&amp;apos;, os.arch: &amp;apos;aarch64&amp;apos;, os.version: &amp;apos;14.5&amp;apos;, java.version: &amp;apos;17.0.11&amp;apos;
Driver info: org.openqa.selenium.chrome.ChromeDriver
Command: [8262a7ed5174dc8a3984c9fdbb32d004, findElement {value=img[class=&amp;apos;cx_hFull--460YR cx_wFull--sGUhp generic_tile_thumbnail--thumbnailContain--T8Gdv cx_p10--FxKqI&amp;apos;], using=css selector}]
Capabilities {acceptInsecureCerts: false, browserName: chrome, browserVersion: 126.0.6478.115, chrome: {chromedriverVersion: 126.0.6478.63 (df799988fdc9..., userDataDir: /var/folders/x9/xxt7kvhx1v7...}, fedcm:accounts: true, goog:chromeOptions: {debuggerAddress: localhost:51787}, networkConnectionEnabled: false, pageLoadStrategy: normal, platformName: mac, proxy: Proxy(), se:cdp: ws://localhost:51787/devtoo..., se:cdpVersion: 126.0.6478.115, setWindowRect: true, strictFileInteractability: false, timeouts: {implicit: 0, pageLoad: 300000, script: 30000}, unhandledPromptBehavior: dismiss and notify, webauthn:extension:credBlob: true, webauthn:extension:largeBlob: true, webauthn:extension:minPinLength: true, webauthn:extension:prf: true, webauthn:virtualAuthenticators: true}
Session ID: 8262a7ed5174dc8a3984c9fdbb32d004">
      <![CDATA[org.openqa.selenium.NoSuchElementException: no such element: Unable to locate element: {"method":"css selector","selector":"img[class='cx_hFull--460YR cx_wFull--sGUhp generic_tile_thumbnail--thumbnailContain--T8Gdv cx_p10--FxKqI']"}
  (Session info: chrome=126.0.6478.115)
For documentation on this error, please visit: https://www.selenium.dev/documentation/webdriver/troubleshooting/errors#no-such-element-exception
Build info: version: '4.21.0', revision: '79ed462ef4'
System info: os.name: 'Mac OS X', os.arch: 'aarch64', os.version: '14.5', java.version: '17.0.11'
Driver info: org.openqa.selenium.chrome.ChromeDriver
Command: [8262a7ed5174dc8a3984c9fdbb32d004, findElement {value=img[class='cx_hFull--460YR cx_wFull--sGUhp generic_tile_thumbnail--thumbnailContain--T8Gdv cx_p10--FxKqI'], using=css selector}]
Capabilities {acceptInsecureCerts: false, browserName: chrome, browserVersion: 126.0.6478.115, chrome: {chromedriverVersion: 126.0.6478.63 (df799988fdc9..., userDataDir: /var/folders/x9/xxt7kvhx1v7...}, fedcm:accounts: true, goog:chromeOptions: {debuggerAddress: localhost:51787}, networkConnectionEnabled: false, pageLoadStrategy: normal, platformName: mac, proxy: Proxy(), se:cdp: ws://localhost:51787/devtoo..., se:cdpVersion: 126.0.6478.115, setWindowRect: true, strictFileInteractability: false, timeouts: {implicit: 0, pageLoad: 300000, script: 30000}, unhandledPromptBehavior: dismiss and notify, webauthn:extension:credBlob: true, webauthn:extension:largeBlob: true, webauthn:extension:minPinLength: true, webauthn:extension:prf: true, webauthn:virtualAuthenticators: true}
Session ID: 8262a7ed5174dc8a3984c9fdbb32d004
at org.openqa.selenium.remote.ErrorCodec.decode(ErrorCodec.java:167)
at org.openqa.selenium.remote.codec.w3c.W3CHttpResponseCodec.decode(W3CHttpResponseCodec.java:138)
at org.openqa.selenium.remote.codec.w3c.W3CHttpResponseCodec.decode(W3CHttpResponseCodec.java:50)
at org.openqa.selenium.remote.HttpCommandExecutor.execute(HttpCommandExecutor.java:190)
at org.openqa.selenium.remote.service.DriverCommandExecutor.invokeExecute(DriverCommandExecutor.java:216)
at org.openqa.selenium.remote.service.DriverCommandExecutor.execute(DriverCommandExecutor.java:174)
at org.openqa.selenium.remote.RemoteWebDriver.execute(RemoteWebDriver.java:518)
at org.openqa.selenium.remote.ElementLocation$ElementFinder$2.findElement(ElementLocation.java:165)
at org.openqa.selenium.remote.ElementLocation.findElement(ElementLocation.java:59)
at org.openqa.selenium.remote.RemoteWebDriver.findElement(RemoteWebDriver.java:355)
at org.openqa.selenium.remote.RemoteWebDriver.findElement(RemoteWebDriver.java:349)
at testingoffigmaplugin.Figmaplugintesting.testingOfFigmaPlugin(Figmaplugintesting.java:28)
at java.base/java.util.ArrayList.forEach(ArrayList.java:1511)
at java.base/java.util.concurrent.FutureTask.run(FutureTask.java:264)
at java.base/java.util.concurrent.ThreadPoolExecutor.runWorker(ThreadPoolExecutor.java:1136)
at java.base/java.util.concurrent.ThreadPoolExecutor$Worker.run(ThreadPoolExecutor.java:635)
at java.base/java.lang.Thread.run(Thread.java:840)
... Removed 23 stack frames]]>
    </failure>
  </testcase> <!-- testingOfFigmaPlugin -->
</testsuite> <!-- testingoffigmaplugin -->
