<?xml version="1.0" encoding="UTF-8"?>
<!-- Generated by org.testng.reporters.JUnitXMLReporter -->
<testsuite ignored="0" hostname="yeshs-Mac-mini.local" failures="7" tests="13" name="testingofdownloadsvgphoto" time="344.97" errors="0" timestamp="2024-06-24T10:29:37 IST">
  <testcase classname="testingofdownloadsvgphoto.Downloadsvgphoto" name="allAssestsSvgDownload" time="28.972">
    <failure type="org.openqa.selenium.NoSuchElementException" message="no such element: Unable to locate element: {&amp;quot;method&amp;quot;:&amp;quot;css selector&amp;quot;,&amp;quot;selector&amp;quot;:&amp;quot;button[onclick=&amp;apos;downloadIcon()&amp;apos;]&amp;quot;}
  (Session info: chrome=126.0.6478.115)
For documentation on this error, please visit: https://www.selenium.dev/documentation/webdriver/troubleshooting/errors#no-such-element-exception
Build info: version: &amp;apos;4.21.0&amp;apos;, revision: &amp;apos;79ed462ef4&amp;apos;
System info: os.name: &amp;apos;Mac OS X&amp;apos;, os.arch: &amp;apos;aarch64&amp;apos;, os.version: &amp;apos;14.5&amp;apos;, java.version: &amp;apos;17.0.11&amp;apos;
Driver info: org.openqa.selenium.chrome.ChromeDriver
Command: [6b7b1a3f22d0de39903a7d3610ce7c6e, findElement {value=button[onclick=&amp;apos;downloadIcon()&amp;apos;], using=css selector}]
Capabilities {acceptInsecureCerts: false, browserName: chrome, browserVersion: 126.0.6478.115, chrome: {chromedriverVersion: 126.0.6478.63 (df799988fdc9..., userDataDir: /var/folders/x9/xxt7kvhx1v7...}, fedcm:accounts: true, goog:chromeOptions: {debuggerAddress: localhost:51788}, networkConnectionEnabled: false, pageLoadStrategy: normal, platformName: mac, proxy: Proxy(), se:cdp: ws://localhost:51788/devtoo..., se:cdpVersion: 126.0.6478.115, setWindowRect: true, strictFileInteractability: false, timeouts: {implicit: 0, pageLoad: 300000, script: 30000}, unhandledPromptBehavior: dismiss and notify, webauthn:extension:credBlob: true, webauthn:extension:largeBlob: true, webauthn:extension:minPinLength: true, webauthn:extension:prf: true, webauthn:virtualAuthenticators: true}
Session ID: 6b7b1a3f22d0de39903a7d3610ce7c6e">
      <![CDATA[org.openqa.selenium.NoSuchElementException: no such element: Unable to locate element: {"method":"css selector","selector":"button[onclick='downloadIcon()']"}
  (Session info: chrome=126.0.6478.115)
For documentation on this error, please visit: https://www.selenium.dev/documentation/webdriver/troubleshooting/errors#no-such-element-exception
Build info: version: '4.21.0', revision: '79ed462ef4'
System info: os.name: 'Mac OS X', os.arch: 'aarch64', os.version: '14.5', java.version: '17.0.11'
Driver info: org.openqa.selenium.chrome.ChromeDriver
Command: [6b7b1a3f22d0de39903a7d3610ce7c6e, findElement {value=button[onclick='downloadIcon()'], using=css selector}]
Capabilities {acceptInsecureCerts: false, browserName: chrome, browserVersion: 126.0.6478.115, chrome: {chromedriverVersion: 126.0.6478.63 (df799988fdc9..., userDataDir: /var/folders/x9/xxt7kvhx1v7...}, fedcm:accounts: true, goog:chromeOptions: {debuggerAddress: localhost:51788}, networkConnectionEnabled: false, pageLoadStrategy: normal, platformName: mac, proxy: Proxy(), se:cdp: ws://localhost:51788/devtoo..., se:cdpVersion: 126.0.6478.115, setWindowRect: true, strictFileInteractability: false, timeouts: {implicit: 0, pageLoad: 300000, script: 30000}, unhandledPromptBehavior: dismiss and notify, webauthn:extension:credBlob: true, webauthn:extension:largeBlob: true, webauthn:extension:minPinLength: true, webauthn:extension:prf: true, webauthn:virtualAuthenticators: true}
Session ID: 6b7b1a3f22d0de39903a7d3610ce7c6e
at org.openqa.selenium.remote.ErrorCodec.decode(ErrorCodec.java:167)
at org.openqa.selenium.remote.codec.w3c.W3CHttpResponseCodec.decode(W3CHttpResponseCodec.java:138)
at org.openqa.selenium.remote.codec.w3c.W3CHttpResponseCodec.decode(W3CHttpResponseCodec.java:50)
at org.openqa.selenium.remote.HttpCommandExecutor.execute(HttpCommandExecutor.java:190)
at org.openqa.selenium.remote.service.DriverCommandExecutor.invokeExecute(DriverCommandExecutor.java:216)
at org.openqa.selenium.remote.service.DriverCommandExecutor.execute(DriverCommandExecutor.java:174)
at org.openqa.selenium.remote.RemoteWebDriver.execute(RemoteWebDriver.java:518)
at org.openqa.selenium.remote.ElementLocation$ElementFinder$2.findElement(ElementLocation.java:165)
at org.openqa.selenium.remote.ElementLocation.findElement(ElementLocation.java:59)
at org.openqa.selenium.remote.RemoteWebDriver.findElement(RemoteWebDriver.java:355)
at org.openqa.selenium.remote.RemoteWebDriver.findElement(RemoteWebDriver.java:349)
at testingofdownloadsvgphoto.Downloadsvgphoto.allAssestsSvgDownload(Downloadsvgphoto.java:52)
at java.base/java.util.ArrayList.forEach(ArrayList.java:1511)
at java.base/java.util.concurrent.FutureTask.run(FutureTask.java:264)
at java.base/java.util.concurrent.ThreadPoolExecutor.runWorker(ThreadPoolExecutor.java:1136)
at java.base/java.util.concurrent.ThreadPoolExecutor$Worker.run(ThreadPoolExecutor.java:635)
at java.base/java.lang.Thread.run(Thread.java:840)
... Removed 23 stack frames]]>
    </failure>
  </testcase> <!-- allAssestsSvgDownload -->
  <testcase classname="testingofdownloadsvgphoto.Downloadsvgphoto" name="filledrSvgDownload" time="28.155">
    <failure type="org.openqa.selenium.ElementNotInteractableException" message="element not interactable
  (Session info: chrome=126.0.6478.115)
Build info: version: &amp;apos;4.21.0&amp;apos;, revision: &amp;apos;79ed462ef4&amp;apos;
System info: os.name: &amp;apos;Mac OS X&amp;apos;, os.arch: &amp;apos;aarch64&amp;apos;, os.version: &amp;apos;14.5&amp;apos;, java.version: &amp;apos;17.0.11&amp;apos;
Driver info: org.openqa.selenium.chrome.ChromeDriver
Command: [d5670f97965d969db52b174848e86bf2, clickElement {id=f.51E0CD7057E8BEF549F0683D01E4EEEF.d.7660FD058C3490789C667963E312D318.e.304}]
Capabilities {acceptInsecureCerts: false, browserName: chrome, browserVersion: 126.0.6478.115, chrome: {chromedriverVersion: 126.0.6478.63 (df799988fdc9..., userDataDir: /var/folders/x9/xxt7kvhx1v7...}, fedcm:accounts: true, goog:chromeOptions: {debuggerAddress: localhost:52046}, networkConnectionEnabled: false, pageLoadStrategy: normal, platformName: mac, proxy: Proxy(), se:cdp: ws://localhost:52046/devtoo..., se:cdpVersion: 126.0.6478.115, setWindowRect: true, strictFileInteractability: false, timeouts: {implicit: 0, pageLoad: 300000, script: 30000}, unhandledPromptBehavior: dismiss and notify, webauthn:extension:credBlob: true, webauthn:extension:largeBlob: true, webauthn:extension:minPinLength: true, webauthn:extension:prf: true, webauthn:virtualAuthenticators: true}
Element: [[ChromeDriver: chrome on mac (d5670f97965d969db52b174848e86bf2)] -&amp;gt; css selector: button[onclick=&amp;apos;downloadIcon()&amp;apos;]]
Session ID: d5670f97965d969db52b174848e86bf2">
      <![CDATA[org.openqa.selenium.ElementNotInteractableException: element not interactable
  (Session info: chrome=126.0.6478.115)
Build info: version: '4.21.0', revision: '79ed462ef4'
System info: os.name: 'Mac OS X', os.arch: 'aarch64', os.version: '14.5', java.version: '17.0.11'
Driver info: org.openqa.selenium.chrome.ChromeDriver
Command: [d5670f97965d969db52b174848e86bf2, clickElement {id=f.51E0CD7057E8BEF549F0683D01E4EEEF.d.7660FD058C3490789C667963E312D318.e.304}]
Capabilities {acceptInsecureCerts: false, browserName: chrome, browserVersion: 126.0.6478.115, chrome: {chromedriverVersion: 126.0.6478.63 (df799988fdc9..., userDataDir: /var/folders/x9/xxt7kvhx1v7...}, fedcm:accounts: true, goog:chromeOptions: {debuggerAddress: localhost:52046}, networkConnectionEnabled: false, pageLoadStrategy: normal, platformName: mac, proxy: Proxy(), se:cdp: ws://localhost:52046/devtoo..., se:cdpVersion: 126.0.6478.115, setWindowRect: true, strictFileInteractability: false, timeouts: {implicit: 0, pageLoad: 300000, script: 30000}, unhandledPromptBehavior: dismiss and notify, webauthn:extension:credBlob: true, webauthn:extension:largeBlob: true, webauthn:extension:minPinLength: true, webauthn:extension:prf: true, webauthn:virtualAuthenticators: true}
Element: [[ChromeDriver: chrome on mac (d5670f97965d969db52b174848e86bf2)] -> css selector: button[onclick='downloadIcon()']]
Session ID: d5670f97965d969db52b174848e86bf2
at org.openqa.selenium.remote.ErrorCodec.decode(ErrorCodec.java:167)
at org.openqa.selenium.remote.codec.w3c.W3CHttpResponseCodec.decode(W3CHttpResponseCodec.java:138)
at org.openqa.selenium.remote.codec.w3c.W3CHttpResponseCodec.decode(W3CHttpResponseCodec.java:50)
at org.openqa.selenium.remote.HttpCommandExecutor.execute(HttpCommandExecutor.java:190)
at org.openqa.selenium.remote.service.DriverCommandExecutor.invokeExecute(DriverCommandExecutor.java:216)
at org.openqa.selenium.remote.service.DriverCommandExecutor.execute(DriverCommandExecutor.java:174)
at org.openqa.selenium.remote.RemoteWebDriver.execute(RemoteWebDriver.java:518)
at org.openqa.selenium.remote.RemoteWebElement.execute(RemoteWebElement.java:223)
at org.openqa.selenium.remote.RemoteWebElement.click(RemoteWebElement.java:76)
at testingofdownloadsvgphoto.Downloadsvgphoto.filledrSvgDownload(Downloadsvgphoto.java:243)
at java.base/java.util.ArrayList.forEach(ArrayList.java:1511)
at java.base/java.util.concurrent.FutureTask.run(FutureTask.java:264)
at java.base/java.util.concurrent.ThreadPoolExecutor.runWorker(ThreadPoolExecutor.java:1136)
at java.base/java.util.concurrent.ThreadPoolExecutor$Worker.run(ThreadPoolExecutor.java:635)
at java.base/java.lang.Thread.run(Thread.java:840)
... Removed 23 stack frames]]>
    </failure>
  </testcase> <!-- filledrSvgDownload -->
  <testcase classname="testingofdownloadsvgphoto.Downloadsvgphoto" name="iconSvgDownload" time="47.292">
    <failure type="org.openqa.selenium.ElementNotInteractableException" message="element not interactable
  (Session info: chrome=126.0.6478.115)
Build info: version: &amp;apos;4.21.0&amp;apos;, revision: &amp;apos;79ed462ef4&amp;apos;
System info: os.name: &amp;apos;Mac OS X&amp;apos;, os.arch: &amp;apos;aarch64&amp;apos;, os.version: &amp;apos;14.5&amp;apos;, java.version: &amp;apos;17.0.11&amp;apos;
Driver info: org.openqa.selenium.chrome.ChromeDriver
Command: [b5f07ff2433daea47caae89aaecf169e, clickElement {id=f.017FB87035342907018368DC635D9F2C.d.AA9BC9A00F898729B5E2E14E17BA4678.e.239}]
Capabilities {acceptInsecureCerts: false, browserName: chrome, browserVersion: 126.0.6478.115, chrome: {chromedriverVersion: 126.0.6478.63 (df799988fdc9..., userDataDir: /var/folders/x9/xxt7kvhx1v7...}, fedcm:accounts: true, goog:chromeOptions: {debuggerAddress: localhost:52076}, networkConnectionEnabled: false, pageLoadStrategy: normal, platformName: mac, proxy: Proxy(), se:cdp: ws://localhost:52076/devtoo..., se:cdpVersion: 126.0.6478.115, setWindowRect: true, strictFileInteractability: false, timeouts: {implicit: 0, pageLoad: 300000, script: 30000}, unhandledPromptBehavior: dismiss and notify, webauthn:extension:credBlob: true, webauthn:extension:largeBlob: true, webauthn:extension:minPinLength: true, webauthn:extension:prf: true, webauthn:virtualAuthenticators: true}
Element: [[ChromeDriver: chrome on mac (b5f07ff2433daea47caae89aaecf169e)] -&amp;gt; css selector: button[onclick=&amp;apos;downloadIcon()&amp;apos;]]
Session ID: b5f07ff2433daea47caae89aaecf169e">
      <![CDATA[org.openqa.selenium.ElementNotInteractableException: element not interactable
  (Session info: chrome=126.0.6478.115)
Build info: version: '4.21.0', revision: '79ed462ef4'
System info: os.name: 'Mac OS X', os.arch: 'aarch64', os.version: '14.5', java.version: '17.0.11'
Driver info: org.openqa.selenium.chrome.ChromeDriver
Command: [b5f07ff2433daea47caae89aaecf169e, clickElement {id=f.017FB87035342907018368DC635D9F2C.d.AA9BC9A00F898729B5E2E14E17BA4678.e.239}]
Capabilities {acceptInsecureCerts: false, browserName: chrome, browserVersion: 126.0.6478.115, chrome: {chromedriverVersion: 126.0.6478.63 (df799988fdc9..., userDataDir: /var/folders/x9/xxt7kvhx1v7...}, fedcm:accounts: true, goog:chromeOptions: {debuggerAddress: localhost:52076}, networkConnectionEnabled: false, pageLoadStrategy: normal, platformName: mac, proxy: Proxy(), se:cdp: ws://localhost:52076/devtoo..., se:cdpVersion: 126.0.6478.115, setWindowRect: true, strictFileInteractability: false, timeouts: {implicit: 0, pageLoad: 300000, script: 30000}, unhandledPromptBehavior: dismiss and notify, webauthn:extension:credBlob: true, webauthn:extension:largeBlob: true, webauthn:extension:minPinLength: true, webauthn:extension:prf: true, webauthn:virtualAuthenticators: true}
Element: [[ChromeDriver: chrome on mac (b5f07ff2433daea47caae89aaecf169e)] -> css selector: button[onclick='downloadIcon()']]
Session ID: b5f07ff2433daea47caae89aaecf169e
at org.openqa.selenium.remote.ErrorCodec.decode(ErrorCodec.java:167)
at org.openqa.selenium.remote.codec.w3c.W3CHttpResponseCodec.decode(W3CHttpResponseCodec.java:138)
at org.openqa.selenium.remote.codec.w3c.W3CHttpResponseCodec.decode(W3CHttpResponseCodec.java:50)
at org.openqa.selenium.remote.HttpCommandExecutor.execute(HttpCommandExecutor.java:190)
at org.openqa.selenium.remote.service.DriverCommandExecutor.invokeExecute(DriverCommandExecutor.java:216)
at org.openqa.selenium.remote.service.DriverCommandExecutor.execute(DriverCommandExecutor.java:174)
at org.openqa.selenium.remote.RemoteWebDriver.execute(RemoteWebDriver.java:518)
at org.openqa.selenium.remote.RemoteWebElement.execute(RemoteWebElement.java:223)
at org.openqa.selenium.remote.RemoteWebElement.click(RemoteWebElement.java:76)
at testingofdownloadsvgphoto.Downloadsvgphoto.iconSvgDownload(Downloadsvgphoto.java:206)
at java.base/java.util.ArrayList.forEach(ArrayList.java:1511)
at java.base/java.util.concurrent.FutureTask.run(FutureTask.java:264)
at java.base/java.util.concurrent.ThreadPoolExecutor.runWorker(ThreadPoolExecutor.java:1136)
at java.base/java.util.concurrent.ThreadPoolExecutor$Worker.run(ThreadPoolExecutor.java:635)
at java.base/java.lang.Thread.run(Thread.java:840)
... Removed 23 stack frames]]>
    </failure>
  </testcase> <!-- iconSvgDownload -->
  <testcase classname="testingofdownloadsvgphoto.Downloadsvgphoto" name="monocolourSvgDownload" time="38.643">
    <failure type="org.openqa.selenium.ElementNotInteractableException" message="element not interactable
  (Session info: chrome=126.0.6478.115)
Build info: version: &amp;apos;4.21.0&amp;apos;, revision: &amp;apos;79ed462ef4&amp;apos;
System info: os.name: &amp;apos;Mac OS X&amp;apos;, os.arch: &amp;apos;aarch64&amp;apos;, os.version: &amp;apos;14.5&amp;apos;, java.version: &amp;apos;17.0.11&amp;apos;
Driver info: org.openqa.selenium.chrome.ChromeDriver
Command: [57c925f11d60b59300ce0bd763ec63e1, clickElement {id=f.1B6CC82F9B5F9A859B1EAF059E9D73E4.d.CC9F4A09B8158A73709884481281B004.e.235}]
Capabilities {acceptInsecureCerts: false, browserName: chrome, browserVersion: 126.0.6478.115, chrome: {chromedriverVersion: 126.0.6478.63 (df799988fdc9..., userDataDir: /var/folders/x9/xxt7kvhx1v7...}, fedcm:accounts: true, goog:chromeOptions: {debuggerAddress: localhost:52124}, networkConnectionEnabled: false, pageLoadStrategy: normal, platformName: mac, proxy: Proxy(), se:cdp: ws://localhost:52124/devtoo..., se:cdpVersion: 126.0.6478.115, setWindowRect: true, strictFileInteractability: false, timeouts: {implicit: 0, pageLoad: 300000, script: 30000}, unhandledPromptBehavior: dismiss and notify, webauthn:extension:credBlob: true, webauthn:extension:largeBlob: true, webauthn:extension:minPinLength: true, webauthn:extension:prf: true, webauthn:virtualAuthenticators: true}
Element: [[ChromeDriver: chrome on mac (57c925f11d60b59300ce0bd763ec63e1)] -&amp;gt; css selector: button[onclick=&amp;apos;downloadIcon()&amp;apos;]]
Session ID: 57c925f11d60b59300ce0bd763ec63e1">
      <![CDATA[org.openqa.selenium.ElementNotInteractableException: element not interactable
  (Session info: chrome=126.0.6478.115)
Build info: version: '4.21.0', revision: '79ed462ef4'
System info: os.name: 'Mac OS X', os.arch: 'aarch64', os.version: '14.5', java.version: '17.0.11'
Driver info: org.openqa.selenium.chrome.ChromeDriver
Command: [57c925f11d60b59300ce0bd763ec63e1, clickElement {id=f.1B6CC82F9B5F9A859B1EAF059E9D73E4.d.CC9F4A09B8158A73709884481281B004.e.235}]
Capabilities {acceptInsecureCerts: false, browserName: chrome, browserVersion: 126.0.6478.115, chrome: {chromedriverVersion: 126.0.6478.63 (df799988fdc9..., userDataDir: /var/folders/x9/xxt7kvhx1v7...}, fedcm:accounts: true, goog:chromeOptions: {debuggerAddress: localhost:52124}, networkConnectionEnabled: false, pageLoadStrategy: normal, platformName: mac, proxy: Proxy(), se:cdp: ws://localhost:52124/devtoo..., se:cdpVersion: 126.0.6478.115, setWindowRect: true, strictFileInteractability: false, timeouts: {implicit: 0, pageLoad: 300000, script: 30000}, unhandledPromptBehavior: dismiss and notify, webauthn:extension:credBlob: true, webauthn:extension:largeBlob: true, webauthn:extension:minPinLength: true, webauthn:extension:prf: true, webauthn:virtualAuthenticators: true}
Element: [[ChromeDriver: chrome on mac (57c925f11d60b59300ce0bd763ec63e1)] -> css selector: button[onclick='downloadIcon()']]
Session ID: 57c925f11d60b59300ce0bd763ec63e1
at org.openqa.selenium.remote.ErrorCodec.decode(ErrorCodec.java:167)
at org.openqa.selenium.remote.codec.w3c.W3CHttpResponseCodec.decode(W3CHttpResponseCodec.java:138)
at org.openqa.selenium.remote.codec.w3c.W3CHttpResponseCodec.decode(W3CHttpResponseCodec.java:50)
at org.openqa.selenium.remote.HttpCommandExecutor.execute(HttpCommandExecutor.java:190)
at org.openqa.selenium.remote.service.DriverCommandExecutor.invokeExecute(DriverCommandExecutor.java:216)
at org.openqa.selenium.remote.service.DriverCommandExecutor.execute(DriverCommandExecutor.java:174)
at org.openqa.selenium.remote.RemoteWebDriver.execute(RemoteWebDriver.java:518)
at org.openqa.selenium.remote.RemoteWebElement.execute(RemoteWebElement.java:223)
at org.openqa.selenium.remote.RemoteWebElement.click(RemoteWebElement.java:76)
at testingofdownloadsvgphoto.Downloadsvgphoto.monocolourSvgDownload(Downloadsvgphoto.java:166)
at java.base/java.util.ArrayList.forEach(ArrayList.java:1511)
at java.base/java.util.concurrent.FutureTask.run(FutureTask.java:264)
at java.base/java.util.concurrent.ThreadPoolExecutor.runWorker(ThreadPoolExecutor.java:1136)
at java.base/java.util.concurrent.ThreadPoolExecutor$Worker.run(ThreadPoolExecutor.java:635)
at java.base/java.lang.Thread.run(Thread.java:840)
... Removed 23 stack frames]]>
    </failure>
  </testcase> <!-- monocolourSvgDownload -->
  <testcase classname="testingofdownloadsvgphoto.Downloadsvgphoto" name="multicolourSvgDownload" time="10.118"/>
  <testcase classname="testingofdownloadsvgphoto.Downloadsvgphoto" name="outlinedSvgDownload" time="12.036"/>
  <testcase classname="testingofdownloadsvgphoto.Downloadinmultiplepixelsvg" name="downloadInPngWith1024px" time="38.948">
    <failure type="org.openqa.selenium.ElementNotInteractableException" message="element not interactable
  (Session info: chrome=126.0.6478.115)
Build info: version: &amp;apos;4.21.0&amp;apos;, revision: &amp;apos;79ed462ef4&amp;apos;
System info: os.name: &amp;apos;Mac OS X&amp;apos;, os.arch: &amp;apos;aarch64&amp;apos;, os.version: &amp;apos;14.5&amp;apos;, java.version: &amp;apos;17.0.11&amp;apos;
Driver info: org.openqa.selenium.chrome.ChromeDriver
Command: [819654871e935313bae062ade4da6fe3, clickElement {id=f.B4232C32FA88F46D385E22D5FE99A035.d.9F82299402B7A99B0DC07C4512D2621D.e.282}]
Capabilities {acceptInsecureCerts: false, browserName: chrome, browserVersion: 126.0.6478.115, chrome: {chromedriverVersion: 126.0.6478.63 (df799988fdc9..., userDataDir: /var/folders/x9/xxt7kvhx1v7...}, fedcm:accounts: true, goog:chromeOptions: {debuggerAddress: localhost:52218}, networkConnectionEnabled: false, pageLoadStrategy: normal, platformName: mac, proxy: Proxy(), se:cdp: ws://localhost:52218/devtoo..., se:cdpVersion: 126.0.6478.115, setWindowRect: true, strictFileInteractability: false, timeouts: {implicit: 0, pageLoad: 300000, script: 30000}, unhandledPromptBehavior: dismiss and notify, webauthn:extension:credBlob: true, webauthn:extension:largeBlob: true, webauthn:extension:minPinLength: true, webauthn:extension:prf: true, webauthn:virtualAuthenticators: true}
Element: [[ChromeDriver: chrome on mac (819654871e935313bae062ade4da6fe3)] -&amp;gt; id: png-option]
Session ID: 819654871e935313bae062ade4da6fe3">
      <![CDATA[org.openqa.selenium.ElementNotInteractableException: element not interactable
  (Session info: chrome=126.0.6478.115)
Build info: version: '4.21.0', revision: '79ed462ef4'
System info: os.name: 'Mac OS X', os.arch: 'aarch64', os.version: '14.5', java.version: '17.0.11'
Driver info: org.openqa.selenium.chrome.ChromeDriver
Command: [819654871e935313bae062ade4da6fe3, clickElement {id=f.B4232C32FA88F46D385E22D5FE99A035.d.9F82299402B7A99B0DC07C4512D2621D.e.282}]
Capabilities {acceptInsecureCerts: false, browserName: chrome, browserVersion: 126.0.6478.115, chrome: {chromedriverVersion: 126.0.6478.63 (df799988fdc9..., userDataDir: /var/folders/x9/xxt7kvhx1v7...}, fedcm:accounts: true, goog:chromeOptions: {debuggerAddress: localhost:52218}, networkConnectionEnabled: false, pageLoadStrategy: normal, platformName: mac, proxy: Proxy(), se:cdp: ws://localhost:52218/devtoo..., se:cdpVersion: 126.0.6478.115, setWindowRect: true, strictFileInteractability: false, timeouts: {implicit: 0, pageLoad: 300000, script: 30000}, unhandledPromptBehavior: dismiss and notify, webauthn:extension:credBlob: true, webauthn:extension:largeBlob: true, webauthn:extension:minPinLength: true, webauthn:extension:prf: true, webauthn:virtualAuthenticators: true}
Element: [[ChromeDriver: chrome on mac (819654871e935313bae062ade4da6fe3)] -> id: png-option]
Session ID: 819654871e935313bae062ade4da6fe3
at org.openqa.selenium.remote.ErrorCodec.decode(ErrorCodec.java:167)
at org.openqa.selenium.remote.codec.w3c.W3CHttpResponseCodec.decode(W3CHttpResponseCodec.java:138)
at org.openqa.selenium.remote.codec.w3c.W3CHttpResponseCodec.decode(W3CHttpResponseCodec.java:50)
at org.openqa.selenium.remote.HttpCommandExecutor.execute(HttpCommandExecutor.java:190)
at org.openqa.selenium.remote.service.DriverCommandExecutor.invokeExecute(DriverCommandExecutor.java:216)
at org.openqa.selenium.remote.service.DriverCommandExecutor.execute(DriverCommandExecutor.java:174)
at org.openqa.selenium.remote.RemoteWebDriver.execute(RemoteWebDriver.java:518)
at org.openqa.selenium.remote.RemoteWebElement.execute(RemoteWebElement.java:223)
at org.openqa.selenium.remote.RemoteWebElement.click(RemoteWebElement.java:76)
at testingofdownloadsvgphoto.Downloadinmultiplepixelsvg.downloadInPngWith1024px(Downloadinmultiplepixelsvg.java:248)
at java.base/java.util.ArrayList.forEach(ArrayList.java:1511)
at java.base/java.util.concurrent.FutureTask.run(FutureTask.java:264)
at java.base/java.util.concurrent.ThreadPoolExecutor.runWorker(ThreadPoolExecutor.java:1136)
at java.base/java.util.concurrent.ThreadPoolExecutor$Worker.run(ThreadPoolExecutor.java:635)
at java.base/java.lang.Thread.run(Thread.java:840)
... Removed 23 stack frames]]>
    </failure>
  </testcase> <!-- downloadInPngWith1024px -->
  <testcase classname="testingofdownloadsvgphoto.Downloadinmultiplepixelsvg" name="downloadInPngWith128px" time="78.772">
    <failure type="org.openqa.selenium.ElementNotInteractableException" message="element not interactable
  (Session info: chrome=126.0.6478.115)
Build info: version: &amp;apos;4.21.0&amp;apos;, revision: &amp;apos;79ed462ef4&amp;apos;
System info: os.name: &amp;apos;Mac OS X&amp;apos;, os.arch: &amp;apos;aarch64&amp;apos;, os.version: &amp;apos;14.5&amp;apos;, java.version: &amp;apos;17.0.11&amp;apos;
Driver info: org.openqa.selenium.chrome.ChromeDriver
Command: [ae3b042df3f5c4a7b4663f30ee543ca6, clickElement {id=f.D7558B9023296332009E6DF762107DCB.d.6DFC129BBF444DD50991E15EDC2CB795.e.288}]
Capabilities {acceptInsecureCerts: false, browserName: chrome, browserVersion: 126.0.6478.115, chrome: {chromedriverVersion: 126.0.6478.63 (df799988fdc9..., userDataDir: /var/folders/x9/xxt7kvhx1v7...}, fedcm:accounts: true, goog:chromeOptions: {debuggerAddress: localhost:52249}, networkConnectionEnabled: false, pageLoadStrategy: normal, platformName: mac, proxy: Proxy(), se:cdp: ws://localhost:52249/devtoo..., se:cdpVersion: 126.0.6478.115, setWindowRect: true, strictFileInteractability: false, timeouts: {implicit: 0, pageLoad: 300000, script: 30000}, unhandledPromptBehavior: dismiss and notify, webauthn:extension:credBlob: true, webauthn:extension:largeBlob: true, webauthn:extension:minPinLength: true, webauthn:extension:prf: true, webauthn:virtualAuthenticators: true}
Element: [[ChromeDriver: chrome on mac (ae3b042df3f5c4a7b4663f30ee543ca6)] -&amp;gt; id: png-option]
Session ID: ae3b042df3f5c4a7b4663f30ee543ca6">
      <![CDATA[org.openqa.selenium.ElementNotInteractableException: element not interactable
  (Session info: chrome=126.0.6478.115)
Build info: version: '4.21.0', revision: '79ed462ef4'
System info: os.name: 'Mac OS X', os.arch: 'aarch64', os.version: '14.5', java.version: '17.0.11'
Driver info: org.openqa.selenium.chrome.ChromeDriver
Command: [ae3b042df3f5c4a7b4663f30ee543ca6, clickElement {id=f.D7558B9023296332009E6DF762107DCB.d.6DFC129BBF444DD50991E15EDC2CB795.e.288}]
Capabilities {acceptInsecureCerts: false, browserName: chrome, browserVersion: 126.0.6478.115, chrome: {chromedriverVersion: 126.0.6478.63 (df799988fdc9..., userDataDir: /var/folders/x9/xxt7kvhx1v7...}, fedcm:accounts: true, goog:chromeOptions: {debuggerAddress: localhost:52249}, networkConnectionEnabled: false, pageLoadStrategy: normal, platformName: mac, proxy: Proxy(), se:cdp: ws://localhost:52249/devtoo..., se:cdpVersion: 126.0.6478.115, setWindowRect: true, strictFileInteractability: false, timeouts: {implicit: 0, pageLoad: 300000, script: 30000}, unhandledPromptBehavior: dismiss and notify, webauthn:extension:credBlob: true, webauthn:extension:largeBlob: true, webauthn:extension:minPinLength: true, webauthn:extension:prf: true, webauthn:virtualAuthenticators: true}
Element: [[ChromeDriver: chrome on mac (ae3b042df3f5c4a7b4663f30ee543ca6)] -> id: png-option]
Session ID: ae3b042df3f5c4a7b4663f30ee543ca6
at org.openqa.selenium.remote.ErrorCodec.decode(ErrorCodec.java:167)
at org.openqa.selenium.remote.codec.w3c.W3CHttpResponseCodec.decode(W3CHttpResponseCodec.java:138)
at org.openqa.selenium.remote.codec.w3c.W3CHttpResponseCodec.decode(W3CHttpResponseCodec.java:50)
at org.openqa.selenium.remote.HttpCommandExecutor.execute(HttpCommandExecutor.java:190)
at org.openqa.selenium.remote.service.DriverCommandExecutor.invokeExecute(DriverCommandExecutor.java:216)
at org.openqa.selenium.remote.service.DriverCommandExecutor.execute(DriverCommandExecutor.java:174)
at org.openqa.selenium.remote.RemoteWebDriver.execute(RemoteWebDriver.java:518)
at org.openqa.selenium.remote.RemoteWebElement.execute(RemoteWebElement.java:223)
at org.openqa.selenium.remote.RemoteWebElement.click(RemoteWebElement.java:76)
at testingofdownloadsvgphoto.Downloadinmultiplepixelsvg.downloadInPngWith128px(Downloadinmultiplepixelsvg.java:172)
at java.base/java.util.ArrayList.forEach(ArrayList.java:1511)
at java.base/java.util.concurrent.FutureTask.run(FutureTask.java:264)
at java.base/java.util.concurrent.ThreadPoolExecutor.runWorker(ThreadPoolExecutor.java:1136)
at java.base/java.util.concurrent.ThreadPoolExecutor$Worker.run(ThreadPoolExecutor.java:635)
at java.base/java.lang.Thread.run(Thread.java:840)
... Removed 23 stack frames]]>
    </failure>
  </testcase> <!-- downloadInPngWith128px -->
  <testcase classname="testingofdownloadsvgphoto.Downloadinmultiplepixelsvg" name="downloadInPngWith26px" time="5.687"/>
  <testcase classname="testingofdownloadsvgphoto.Downloadinmultiplepixelsvg" name="downloadInPngWith46px" time="15.632"/>
  <testcase classname="testingofdownloadsvgphoto.Downloadinmultiplepixelsvg" name="downloadInPngWith512px" time="26.037">
    <failure type="org.openqa.selenium.ElementNotInteractableException" message="element not interactable
  (Session info: chrome=126.0.6478.115)
Build info: version: &amp;apos;4.21.0&amp;apos;, revision: &amp;apos;79ed462ef4&amp;apos;
System info: os.name: &amp;apos;Mac OS X&amp;apos;, os.arch: &amp;apos;aarch64&amp;apos;, os.version: &amp;apos;14.5&amp;apos;, java.version: &amp;apos;17.0.11&amp;apos;
Driver info: org.openqa.selenium.chrome.ChromeDriver
Command: [fe490a59ee553a238b0327b497c64ed9, clickElement {id=f.A85BB5E9D516D70159CB450DC7664E8B.d.E6F30673AC12D5FDDAF556693CF9587F.e.281}]
Capabilities {acceptInsecureCerts: false, browserName: chrome, browserVersion: 126.0.6478.115, chrome: {chromedriverVersion: 126.0.6478.63 (df799988fdc9..., userDataDir: /var/folders/x9/xxt7kvhx1v7...}, fedcm:accounts: true, goog:chromeOptions: {debuggerAddress: localhost:52341}, networkConnectionEnabled: false, pageLoadStrategy: normal, platformName: mac, proxy: Proxy(), se:cdp: ws://localhost:52341/devtoo..., se:cdpVersion: 126.0.6478.115, setWindowRect: true, strictFileInteractability: false, timeouts: {implicit: 0, pageLoad: 300000, script: 30000}, unhandledPromptBehavior: dismiss and notify, webauthn:extension:credBlob: true, webauthn:extension:largeBlob: true, webauthn:extension:minPinLength: true, webauthn:extension:prf: true, webauthn:virtualAuthenticators: true}
Element: [[ChromeDriver: chrome on mac (fe490a59ee553a238b0327b497c64ed9)] -&amp;gt; id: png-option]
Session ID: fe490a59ee553a238b0327b497c64ed9">
      <![CDATA[org.openqa.selenium.ElementNotInteractableException: element not interactable
  (Session info: chrome=126.0.6478.115)
Build info: version: '4.21.0', revision: '79ed462ef4'
System info: os.name: 'Mac OS X', os.arch: 'aarch64', os.version: '14.5', java.version: '17.0.11'
Driver info: org.openqa.selenium.chrome.ChromeDriver
Command: [fe490a59ee553a238b0327b497c64ed9, clickElement {id=f.A85BB5E9D516D70159CB450DC7664E8B.d.E6F30673AC12D5FDDAF556693CF9587F.e.281}]
Capabilities {acceptInsecureCerts: false, browserName: chrome, browserVersion: 126.0.6478.115, chrome: {chromedriverVersion: 126.0.6478.63 (df799988fdc9..., userDataDir: /var/folders/x9/xxt7kvhx1v7...}, fedcm:accounts: true, goog:chromeOptions: {debuggerAddress: localhost:52341}, networkConnectionEnabled: false, pageLoadStrategy: normal, platformName: mac, proxy: Proxy(), se:cdp: ws://localhost:52341/devtoo..., se:cdpVersion: 126.0.6478.115, setWindowRect: true, strictFileInteractability: false, timeouts: {implicit: 0, pageLoad: 300000, script: 30000}, unhandledPromptBehavior: dismiss and notify, webauthn:extension:credBlob: true, webauthn:extension:largeBlob: true, webauthn:extension:minPinLength: true, webauthn:extension:prf: true, webauthn:virtualAuthenticators: true}
Element: [[ChromeDriver: chrome on mac (fe490a59ee553a238b0327b497c64ed9)] -> id: png-option]
Session ID: fe490a59ee553a238b0327b497c64ed9
at org.openqa.selenium.remote.ErrorCodec.decode(ErrorCodec.java:167)
at org.openqa.selenium.remote.codec.w3c.W3CHttpResponseCodec.decode(W3CHttpResponseCodec.java:138)
at org.openqa.selenium.remote.codec.w3c.W3CHttpResponseCodec.decode(W3CHttpResponseCodec.java:50)
at org.openqa.selenium.remote.HttpCommandExecutor.execute(HttpCommandExecutor.java:190)
at org.openqa.selenium.remote.service.DriverCommandExecutor.invokeExecute(DriverCommandExecutor.java:216)
at org.openqa.selenium.remote.service.DriverCommandExecutor.execute(DriverCommandExecutor.java:174)
at org.openqa.selenium.remote.RemoteWebDriver.execute(RemoteWebDriver.java:518)
at org.openqa.selenium.remote.RemoteWebElement.execute(RemoteWebElement.java:223)
at org.openqa.selenium.remote.RemoteWebElement.click(RemoteWebElement.java:76)
at testingofdownloadsvgphoto.Downloadinmultiplepixelsvg.downloadInPngWith512px(Downloadinmultiplepixelsvg.java:210)
at java.base/java.util.ArrayList.forEach(ArrayList.java:1511)
at java.base/java.util.concurrent.FutureTask.run(FutureTask.java:264)
at java.base/java.util.concurrent.ThreadPoolExecutor.runWorker(ThreadPoolExecutor.java:1136)
at java.base/java.util.concurrent.ThreadPoolExecutor$Worker.run(ThreadPoolExecutor.java:635)
at java.base/java.lang.Thread.run(Thread.java:840)
... Removed 23 stack frames]]>
    </failure>
  </testcase> <!-- downloadInPngWith512px -->
  <testcase classname="testingofdownloadsvgphoto.Downloadinmultiplepixelsvg" name="downloadInPngWith96px" time="6.623"/>
  <testcase classname="testingofdownloadsvgphoto.Downloadinginmultiplepixelwebp" name="downloadInWebpWith46px" time="8.012"/>
</testsuite> <!-- testingofdownloadsvgphoto -->
