<?xml version="1.0" encoding="UTF-8"?>
<testng-results ignored="0" total="1" passed="1" failed="0" skipped="0">
  <reporter-output>
  </reporter-output>
  <suite started-at="2026-01-06T12:58:15 IST" name="Default suite" finished-at="2026-01-06T12:59:52 IST" duration-ms="96575">
    <groups>
    </groups>
    <test started-at="2026-01-06T12:58:15 IST" name="Default test" finished-at="2026-01-06T12:59:52 IST" duration-ms="96575">
      <class name="testingofimagecompressor.Imagecompressortesting">
        <test-method is-config="true" signature="setUp()[pri:0, instance:testingofimagecompressor.Imagecompressortesting@7c7a06ec]" started-at="2026-01-06T12:58:15 IST" name="setUp" finished-at="2026-01-06T12:58:40 IST" duration-ms="24752" status="PASS">
          <reporter-output>
          </reporter-output>
        </test-method> <!-- setUp -->
        <test-method signature="testSvgImageCompressorWithLogin(java.lang.String,java.lang.String)[pri:0, instance:testingofimagecompressor.Imagecompressortesting@7c7a06ec]" started-at="2026-01-06T12:58:40 IST" name="testSvgImageCompressorWithLogin" data-provider="loginCredentials" finished-at="2026-01-06T12:59:51 IST" duration-ms="71499" status="PASS">
          <params>
            <param index="0">
              <value>
                <![CDATA[yeshsharma516032@gmail.com]]>
              </value>
            </param>
            <param index="1">
              <value>
                <![CDATA[Yesh255198@]]>
              </value>
            </param>
          </params>
          <reporter-output>
          </reporter-output>
        </test-method> <!-- testSvgImageCompressorWithLogin -->
        <test-method is-config="true" signature="tearDown()[pri:0, instance:testingofimagecompressor.Imagecompressortesting@7c7a06ec]" started-at="2026-01-06T12:59:52 IST" name="tearDown" finished-at="2026-01-06T12:59:52 IST" duration-ms="176" status="PASS">
          <reporter-output>
          </reporter-output>
        </test-method> <!-- tearDown -->
      </class> <!-- testingofimagecompressor.Imagecompressortesting -->
    </test> <!-- Default test -->
  </suite> <!-- Default suite -->
</testng-results>
