<?xml version="1.0" encoding="UTF-8"?>
<testng-results ignored="0" total="4" passed="4" failed="0" skipped="0">
  <reporter-output>
  </reporter-output>
  <suite started-at="2025-09-09T12:51:11 IST" name="Default suite" finished-at="2025-09-09T12:51:59 IST" duration-ms="48607">
    <groups>
    </groups>
    <test started-at="2025-09-09T12:51:11 IST" name="Default test" finished-at="2025-09-09T12:51:59 IST" duration-ms="48607">
      <class name="imageconverter.testingofimageconverter">
        <test-method is-config="true" signature="setUp()[pri:0, instance:imageconverter.testingofimageconverter@8519cb4]" started-at="2025-09-09T12:51:11 IST" name="setUp" finished-at="2025-09-09T12:51:15 IST" duration-ms="4272" status="PASS">
          <reporter-output>
          </reporter-output>
        </test-method> <!-- setUp -->
        <test-method signature="testImageConverterSvgToBase64()[pri:0, instance:imageconverter.testingofimageconverter@8519cb4]" started-at="2025-09-09T12:51:15 IST" name="testImageConverterSvgToBase64" finished-at="2025-09-09T12:51:24 IST" duration-ms="8640" status="PASS">
          <reporter-output>
          </reporter-output>
        </test-method> <!-- testImageConverterSvgToBase64 -->
        <test-method is-config="true" signature="tearDown()[pri:0, instance:imageconverter.testingofimageconverter@8519cb4]" started-at="2025-09-09T12:51:24 IST" name="tearDown" finished-at="2025-09-09T12:51:24 IST" duration-ms="248" status="PASS">
          <reporter-output>
          </reporter-output>
        </test-method> <!-- tearDown -->
        <test-method is-config="true" signature="setUp()[pri:0, instance:imageconverter.testingofimageconverter@8519cb4]" started-at="2025-09-09T12:51:24 IST" name="setUp" finished-at="2025-09-09T12:51:27 IST" duration-ms="3054" status="PASS">
          <reporter-output>
          </reporter-output>
        </test-method> <!-- setUp -->
        <test-method signature="testImageConverterSvgToJpeg()[pri:0, instance:imageconverter.testingofimageconverter@8519cb4]" started-at="2025-09-09T12:51:27 IST" name="testImageConverterSvgToJpeg" finished-at="2025-09-09T12:51:36 IST" duration-ms="8490" status="PASS">
          <reporter-output>
          </reporter-output>
        </test-method> <!-- testImageConverterSvgToJpeg -->
        <test-method is-config="true" signature="tearDown()[pri:0, instance:imageconverter.testingofimageconverter@8519cb4]" started-at="2025-09-09T12:51:36 IST" name="tearDown" finished-at="2025-09-09T12:51:36 IST" duration-ms="239" status="PASS">
          <reporter-output>
          </reporter-output>
        </test-method> <!-- tearDown -->
        <test-method is-config="true" signature="setUp()[pri:0, instance:imageconverter.testingofimageconverter@8519cb4]" started-at="2025-09-09T12:51:36 IST" name="setUp" finished-at="2025-09-09T12:51:39 IST" duration-ms="2790" status="PASS">
          <reporter-output>
          </reporter-output>
        </test-method> <!-- setUp -->
        <test-method signature="testImageConverterSvgToPng()[pri:0, instance:imageconverter.testingofimageconverter@8519cb4]" started-at="2025-09-09T12:51:39 IST" name="testImageConverterSvgToPng" finished-at="2025-09-09T12:51:48 IST" duration-ms="9640" status="PASS">
          <reporter-output>
          </reporter-output>
        </test-method> <!-- testImageConverterSvgToPng -->
        <test-method is-config="true" signature="tearDown()[pri:0, instance:imageconverter.testingofimageconverter@8519cb4]" started-at="2025-09-09T12:51:48 IST" name="tearDown" finished-at="2025-09-09T12:51:49 IST" duration-ms="241" status="PASS">
          <reporter-output>
          </reporter-output>
        </test-method> <!-- tearDown -->
        <test-method is-config="true" signature="setUp()[pri:0, instance:imageconverter.testingofimageconverter@8519cb4]" started-at="2025-09-09T12:51:49 IST" name="setUp" finished-at="2025-09-09T12:51:52 IST" duration-ms="2999" status="PASS">
          <reporter-output>
          </reporter-output>
        </test-method> <!-- setUp -->
        <test-method signature="testImageConverterSvgToWebp()[pri:0, instance:imageconverter.testingofimageconverter@8519cb4]" started-at="2025-09-09T12:51:52 IST" name="testImageConverterSvgToWebp" finished-at="2025-09-09T12:51:59 IST" duration-ms="7676" status="PASS">
          <reporter-output>
          </reporter-output>
        </test-method> <!-- testImageConverterSvgToWebp -->
        <test-method is-config="true" signature="tearDown()[pri:0, instance:imageconverter.testingofimageconverter@8519cb4]" started-at="2025-09-09T12:51:59 IST" name="tearDown" finished-at="2025-09-09T12:51:59 IST" duration-ms="239" status="PASS">
          <reporter-output>
          </reporter-output>
        </test-method> <!-- tearDown -->
      </class> <!-- imageconverter.testingofimageconverter -->
    </test> <!-- Default test -->
  </suite> <!-- Default suite -->
</testng-results>
