<?xml version="1.0" encoding="UTF-8"?>
<!-- Generated by org.testng.reporters.JUnitReportReporter -->
<testsuite hostname="DESKTOP-QU91SGO" failures="0" tests="1" name="testingofimagecompressor.Imagecompressortesting$svgtestingofimagecompressor" time="8.824" errors="0" timestamp="2024-05-18T11:27:23 IST" skipped="0">
  <testcase classname="testingofimagecompressor.Imagecompressortesting$svgtestingofimagecompressor" name="imageConverterSvgToPng" time="8.824"/>
  <system-out/>
</testsuite> <!-- testingofimagecompressor.Imagecompressortesting$svgtestingofimagecompressor -->
