<?xml version="1.0" encoding="UTF-8"?>
<!-- Generated by org.testng.reporters.JUnitReportReporter -->
<testsuite hostname="Gulshan" failures="0" tests="8" name="testingofdownloadsvgphoto.Downloadsvgphoto" time="75.027" errors="0" timestamp="2025-09-08T14:43:49 IST" skipped="0">
  <testcase classname="testingofdownloadsvgphoto.Downloadsvgphoto" name="multicolorSvgDownload" time="10.037"/>
  <testcase classname="testingofdownloadsvgphoto.Downloadsvgphoto" name="filledrSvgDownload" time="9.229"/>
  <testcase classname="testingofdownloadsvgphoto.Downloadsvgphoto" name="outlinedSvgDownload" time="9.627"/>
  <testcase classname="testingofdownloadsvgphoto.Downloadsvgphoto" name="monocolourSvgDownload" time="8.515"/>
  <testcase classname="testingofdownloadsvgphoto.Downloadsvgphoto" name="allAssestsSvgDownload" time="9.293"/>
  <testcase classname="testingofdownloadsvgphoto.Downloadsvgphoto" name="iconSvgDownload" time="9.256"/>
  <testcase classname="testingofdownloadsvgphoto.Downloadsvgphoto" name="interfaceSvgDownload" time="8.846"/>
  <testcase classname="testingofdownloadsvgphoto.Downloadsvgphoto" name="flatSvgDownload" time="10.224"/>
</testsuite> <!-- testingofdownloadsvgphoto.Downloadsvgphoto -->
