<?xml version="1.0" encoding="UTF-8"?>
<!-- Generated by org.testng.reporters.JUnitReportReporter -->
<testsuite hostname="Gulshan" failures="0" tests="6" name="testingofdownloadsvgphoto.Downloadinginmultiplepixelwebp" time="70.304" errors="0" timestamp="2025-09-08T14:35:00 IST" skipped="0">
  <testcase classname="testingofdownloadsvgphoto.Downloadinginmultiplepixelwebp" name="downloadInWebpWith1024px" time="9.143"/>
  <testcase classname="testingofdownloadsvgphoto.Downloadinginmultiplepixelwebp" name="downloadInWebpWith26px" time="15.625"/>
  <testcase classname="testingofdownloadsvgphoto.Downloadinginmultiplepixelwebp" name="downloadInWebpWith46px" time="10.240"/>
  <testcase classname="testingofdownloadsvgphoto.Downloadinginmultiplepixelwebp" name="downloadInWebpWith96px" time="19.335"/>
  <testcase classname="testingofdownloadsvgphoto.Downloadinginmultiplepixelwebp" name="downloadInWebpWith128px" time="7.550"/>
  <testcase classname="testingofdownloadsvgphoto.Downloadinginmultiplepixelwebp" name="downloadInWebpWith512px" time="8.411"/>
</testsuite> <!-- testingofdownloadsvgphoto.Downloadinginmultiplepixelwebp -->
