<?xml version="1.0" encoding="UTF-8"?>
<!-- Generated by org.testng.reporters.JUnitReportReporter -->
<testsuite hostname="Gulshan" failures="0" tests="6" name="testingofdownloadsvgphoto.TestCollection" time="718.045" errors="0" timestamp="2025-11-14T16:07:46 IST" skipped="3">
  <testcase classname="testingofdownloadsvgphoto.TestCollection" name="addToCollection" time="55.151">
    <skipped/>
  </testcase> <!-- addToCollection -->
  <testcase classname="testingofdownloadsvgphoto.TestCollection" name="addToCollection" time="85.207">
    <skipped/>
  </testcase> <!-- addToCollection -->
  <testcase classname="testingofdownloadsvgphoto.TestCollection" name="addToCollectionCreateNewCollectionThenEditCollectionName" time="69.864"/>
  <testcase classname="testingofdownloadsvgphoto.TestCollection" name="addToCollection" time="234.451"/>
  <testcase classname="testingofdownloadsvgphoto.TestCollection" name="addToCollectionCreateNewCollectionThenEditCollectionName" time="115.095">
    <skipped/>
  </testcase> <!-- addToCollectionCreateNewCollectionThenEditCollectionName -->
  <testcase classname="testingofdownloadsvgphoto.TestCollection" name="addToCollectionCreateNewCollectionThenDeleteCollection" time="158.277"/>
</testsuite> <!-- testingofdownloadsvgphoto.TestCollection -->
