<?xml version="1.0" encoding="UTF-8"?>
<!-- Generated by org.testng.reporters.JUnitReportReporter -->
<testsuite hostname="Gulshan" failures="0" tests="8" name="testingofdownloadsvgphoto.Downloadsvgphoto" time="101.475" errors="0" timestamp="2025-11-27T17:03:50 IST" skipped="0">
  <testcase classname="testingofdownloadsvgphoto.Downloadsvgphoto" name="outlinedSvgDownload" time="13.974"/>
  <testcase classname="testingofdownloadsvgphoto.Downloadsvgphoto" name="filledrSvgDownload" time="11.940"/>
  <testcase classname="testingofdownloadsvgphoto.Downloadsvgphoto" name="interfaceSvgDownload" time="14.326"/>
  <testcase classname="testingofdownloadsvgphoto.Downloadsvgphoto" name="flatSvgDownload" time="10.897"/>
  <testcase classname="testingofdownloadsvgphoto.Downloadsvgphoto" name="iconSvgDownload" time="11.556"/>
  <testcase classname="testingofdownloadsvgphoto.Downloadsvgphoto" name="multicolorSvgDownload" time="13.383"/>
  <testcase classname="testingofdownloadsvgphoto.Downloadsvgphoto" name="allAssestsSvgDownload" time="11.147"/>
  <testcase classname="testingofdownloadsvgphoto.Downloadsvgphoto" name="monocolourSvgDownload" time="14.252"/>
</testsuite> <!-- testingofdownloadsvgphoto.Downloadsvgphoto -->
