<?xml version="1.0" encoding="UTF-8"?>
<!-- Generated by org.testng.reporters.JUnitReportReporter -->
<testsuite hostname="Shalinis-Mac-mini.local" failures="0" tests="6" name="testingofimagecompressor.Imagecompressortesting" time="93.046" errors="0" timestamp="2026-01-06T16:32:55 IST" skipped="0">
  <testcase classname="testingofimagecompressor.Imagecompressortesting" name="testImageCompressorWithDifferentFormats" time="13.910"/>
  <testcase classname="testingofimagecompressor.Imagecompressortesting" name="testSvgImageCompressorWithLogin" time="21.100"/>
  <testcase classname="testingofimagecompressor.Imagecompressortesting" name="testPngImageCompressor" time="14.302"/>
  <testcase classname="testingofimagecompressor.Imagecompressortesting" name="testImageCompressorWithDifferentFormats" time="14.663"/>
  <testcase classname="testingofimagecompressor.Imagecompressortesting" name="testImageCompressorWithDifferentFormats" time="14.914"/>
  <testcase classname="testingofimagecompressor.Imagecompressortesting" name="testJpgImageCompressor" time="14.157"/>
</testsuite> <!-- testingofimagecompressor.Imagecompressortesting -->
