<?xml version="1.0" encoding="UTF-8"?>
<!-- Generated by org.testng.reporters.JUnitReportReporter -->
<testsuite hostname="DESKTOP-QU91SGO" failures="0" tests="6" name="testingofdownloadsvgphoto.Downloadinmultiplepixel" time="92.002" errors="0" timestamp="2024-05-22T12:35:47 IST" skipped="0">
  <testcase classname="testingofdownloadsvgphoto.Downloadinmultiplepixel" name="downloadInPngWith96px" time="6.682"/>
  <system-out/>
  <testcase classname="testingofdownloadsvgphoto.Downloadinmultiplepixel" name="downloadInPngWith26px" time="30.953"/>
  <system-out/>
  <testcase classname="testingofdownloadsvgphoto.Downloadinmultiplepixel" name="downloadInPngWith512px" time="15.843"/>
  <system-out/>
  <testcase classname="testingofdownloadsvgphoto.Downloadinmultiplepixel" name="downloadInPngWith1024px" time="25.153"/>
  <system-out/>
  <testcase classname="testingofdownloadsvgphoto.Downloadinmultiplepixel" name="downloadInPngWith46px" time="6.731"/>
  <system-out/>
  <testcase classname="testingofdownloadsvgphoto.Downloadinmultiplepixel" name="downloadInPngWith128px" time="6.640"/>
  <system-out/>
</testsuite> <!-- testingofdownloadsvgphoto.Downloadinmultiplepixel -->
