<?xml version="1.0" encoding="UTF-8"?>
<!-- Generated by org.testng.reporters.JUnitReportReporter -->
<testsuite hostname="yeshs-Mac-mini.local" failures="0" tests="1" name="monitoringandnotification.MonitoringandNotification" time="60.022" errors="0" timestamp="2024-07-03T15:59:31 IST" skipped="0">
  <testcase classname="monitoringandnotification.MonitoringandNotification" name="testWebsiteMonitoring" time="60.022"/>
  <system-out/>
</testsuite> <!-- monitoringandnotification.MonitoringandNotification -->
