<?xml version="1.0" encoding="UTF-8"?>
<!-- Generated by org.testng.reporters.JUnitReportReporter -->
<testsuite hostname="DESKTOP-QU91SGO" failures="0" tests="6" name="testingofdownloadsvgphoto.Downloadinmultiplepixelsvg" time="88.136" errors="0" timestamp="2024-06-04T14:27:44 IST" skipped="0">
  <testcase classname="testingofdownloadsvgphoto.Downloadinmultiplepixelsvg" name="downloadInPngWith512px" time="14.134"/>
  <system-out/>
  <testcase classname="testingofdownloadsvgphoto.Downloadinmultiplepixelsvg" name="downloadInPngWith96px" time="10.564"/>
  <system-out/>
  <testcase classname="testingofdownloadsvgphoto.Downloadinmultiplepixelsvg" name="downloadInPngWith26px" time="8.805"/>
  <system-out/>
  <testcase classname="testingofdownloadsvgphoto.Downloadinmultiplepixelsvg" name="downloadInPngWith128px" time="11.598"/>
  <system-out/>
  <testcase classname="testingofdownloadsvgphoto.Downloadinmultiplepixelsvg" name="downloadInPngWith1024px" time="13.058"/>
  <system-out/>
  <testcase classname="testingofdownloadsvgphoto.Downloadinmultiplepixelsvg" name="downloadInPngWith46px" time="29.977"/>
  <system-out/>
</testsuite> <!-- testingofdownloadsvgphoto.Downloadinmultiplepixelsvg -->
