<?xml version="1.0" encoding="UTF-8"?>
<!-- Generated by org.testng.reporters.JUnitReportReporter -->
<testsuite hostname="yeshs-Mac-mini.local" failures="0" tests="4" name="imageconverter.testingofimageconverter" time="62.398" errors="0" timestamp="2024-06-07T12:15:22 IST" skipped="0">
  <testcase classname="imageconverter.testingofimageconverter" name="imageConverterSvgToJpeg" time="5.129"/>
  <system-out/>
  <testcase classname="imageconverter.testingofimageconverter" name="imageConverterSvgToWebp" time="4.786"/>
  <system-out/>
  <testcase classname="imageconverter.testingofimageconverter" name="imageConverterSvgToBase64" time="45.315"/>
  <system-out/>
  <testcase classname="imageconverter.testingofimageconverter" name="imageConverterSvgToPng" time="7.168"/>
  <system-out/>
</testsuite> <!-- imageconverter.testingofimageconverter -->
