<?xml version="1.0" encoding="UTF-8"?>
<!-- Generated by org.testng.reporters.JUnitReportReporter -->
<testsuite hostname="yeshs-Mac-mini.local" failures="0" tests="3" name="testingofdownloadsvgphoto.TestCollection" time="119.682" errors="0" timestamp="2025-07-25T10:01:51 IST" skipped="0">
  <testcase classname="testingofdownloadsvgphoto.TestCollection" name="addToCollectionCreateNewCollectionThenDeleteCollection" time="36.674"/>
  <testcase classname="testingofdownloadsvgphoto.TestCollection" name="addToCollection" time="45.461"/>
  <testcase classname="testingofdownloadsvgphoto.TestCollection" name="addToCollectionCreateNewCollectionThenEditCollectionName" time="37.547"/>
</testsuite> <!-- testingofdownloadsvgphoto.TestCollection -->
