<?xml version="1.0" encoding="UTF-8"?>
<!-- Generated by org.testng.reporters.JUnitReportReporter -->
<testsuite hostname="DESKTOP-QU91SGO" failures="0" tests="6" name="testingofdownloadsvgphoto.Downloadinginmultiplepixelwebp" time="173.321" errors="0" timestamp="2024-06-04T14:27:44 IST" skipped="0">
  <testcase classname="testingofdownloadsvgphoto.Downloadinginmultiplepixelwebp" name="downloadInWebpWith96px" time="7.866"/>
  <system-out/>
  <testcase classname="testingofdownloadsvgphoto.Downloadinginmultiplepixelwebp" name="downloadInWebpWith26px" time="9.543"/>
  <system-out/>
  <testcase classname="testingofdownloadsvgphoto.Downloadinginmultiplepixelwebp" name="downloadInWebpWith46px" time="35.956"/>
  <system-out/>
  <testcase classname="testingofdownloadsvgphoto.Downloadinginmultiplepixelwebp" name="downloadInWebpWith1024px" time="25.765"/>
  <system-out/>
  <testcase classname="testingofdownloadsvgphoto.Downloadinginmultiplepixelwebp" name="downloadInWebpWith128px" time="82.914"/>
  <system-out/>
  <testcase classname="testingofdownloadsvgphoto.Downloadinginmultiplepixelwebp" name="downloadInWebpWith512px" time="11.277"/>
  <system-out/>
</testsuite> <!-- testingofdownloadsvgphoto.Downloadinginmultiplepixelwebp -->
